<?xml version="1.0" encoding="UTF-8"?><?xml-stylesheet type="text/xsl" href="template.xsl"?><testsuite name="file:/C:/Users/amand/World%20Customization/tpr/Regions.tpr" tests="1" time="18.151">
    <testcase index="1" name="Regions" number="Regions"/>
    <properties>
[...]
</properties>
    <result>
        <code>1</code>
        <desc>Action "browser click" failed with an error: org.openqa.selenium.ElementClickInterceptedException: element click intercepted: Element &lt;img width="24px" src="/static/more_vert.png" alt="" class="el-tooltip" aria-describedby="el-tooltip-4824" tabindex="0"&gt; is not clickable at point (1128, 841). Other element would receive the click: &lt;div class="modal-background"&gt;&lt;/div&gt;
  (Session info: chrome=144.0.7559.97)
Build info: version: '4.27.0', revision: 'd6e718d134'
System info: os.name: 'Windows 11', os.arch: 'amd64', os.version: '10.0', java.version: '25.0.2'
Driver info: org.openqa.selenium.chrome.ChromeDriver
Command: [95a348e7119e10d1714bb4a29ee3ca34, clickElement {id=f.1C33BE96A3097BCB3B6B77D41F19AF91.d.4922989BDE5918E4886736AF0339A2E9.e.3191}]
Capabilities {acceptInsecureCerts: false, browserName: chrome, browserVersion: 144.0.7559.97, chrome: {chromedriverVersion: 143.0.7499.192 (be2c1f4fd45..., userDataDir: C:\Users\amand\AppData\Loca...}, fedcm:accounts: true, goog:chromeOptions: {debuggerAddress: localhost:57751}, goog:processID: 31132, networkConnectionEnabled: false, pageLoadStrategy: normal, platformName: windows, proxy: Proxy(), se:cdp: ws://localhost:57751/devtoo..., se:cdpVersion: 144.0.7559.97, setWindowRect: true, strictFileInteractability: false, timeouts: {implicit: 0, pageLoad: 300000, script: 30000}, unhandledPromptBehavior: dismiss and notify, webauthn:extension:credBlob: true, webauthn:extension:largeBlob: true, webauthn:extension:minPinLength: true, webauthn:extension:prf: true, webauthn:virtualAuthenticators: true}
Element: [[ChromeDriver: chrome on windows (95a348e7119e10d1714bb4a29ee3ca34)] -&gt; xpath: //img[@aria-describedby='el-tooltip-4824' and @width='24px']]
Session ID: 95a348e7119e10d1714bb4a29ee3ca34</desc>
        <script>Regions.tpr</script>
        <line>23</line>
        <exitscreen link="exitState.png">exitState.png</exitscreen>
        <failed cname="BROWSER" command="Browser find tagname=img elaction=click timeout=30s aria-describedby=el-tooltip-4824 width=24px" script="Regions.tpr" line="23"/>
        <stack>
            <location relpath="tpr\Regions.tpr" path="C:\Users\amand\World Customization\tpr\Regions.tpr" line="23" command="Browser find tagname=img elaction=click timeout=30s aria-describedby=el-tooltip-4824 width=24px"/>
        </stack>
    </result>
</testsuite>
