<?xml version="1.0" encoding="UTF-8"?><?xml-stylesheet type="text/xsl" href="template.xsl"?><testsuite name="file:/C:/Users/amand/World%20Credits/tpr/Wrong%20CVV.tpr" tests="1" time="52.463">
    <testcase index="1" name="Wrong CVV" number="4"/>
    <properties>
[...]
</properties>
    <result>
        <code>1</code>
        <desc>No elements matching the specified criteria were found in the web page.</desc>
        <script>Wrong CVV.tpr</script>
        <line>9</line>
        <failed cname="BROWSER" command="Browser find tagname=iframe elaction=type eltext=4000056655665556 timeout=30s src=https://js.stripe.com/v3/elements-inner-card-2473b2ff83aeca87b52af154de1a5450.html#__shared_params__[version]=v3&amp;__shared_params__[light_experiment_assignments]=%7B%22token%22%3A%228fe6ecaa-1e14-47b2-a646-74f62c1f6d67%22%2C%22assignments%22%3A%7B%22elements_generic_skeleton_loader_v2%22%3A%22control%22%7D%7D&amp;wait=false&amp;mids[guid]=NA&amp;mids[muid]=NA&amp;mids[sid]=NA&amp;elementId=cardNumber-b2540012-7f61-4531-a69c-40f3766efbdb&amp;showIcon=false&amp;style[base][::placeholder][color]=%23C0C4CC&amp;style[base][::placeholder][fontWeight]=300&amp;style[base][::placeholder][letterSpacing]=0.05em&amp;placeholder=xxxx+xxxx+xxxx+xxxx&amp;stripeJsMountedInIframe=false&amp;rtl=false&amp;componentName=cardNumber&amp;keyMode=test&amp;apiKey=pk_test_51NDNRRDqGRfFJL9MiqW0UzYBSyhlOt4m24sPZpetMeShXToNYeicFVN9w8PPxqu3Jibkyc3XWCnWfP3LG6FK0m8C00p94mh6O3&amp;frameMessagingStrategy=postMessage&amp;referrer=https%3A%2F%2Fcurator.qa-sine.space%2Fgrid%2Fworldcredits%3Fgrid%3D1001261&amp;controllerId=__privateStripeController1831 style=&quot;border: 0px !important; margin: 0px !important; padding: 0px !important; width: 1px !important; min-width: 100% !important; overflow: hidden !important; display: block !important; user-select: none !important; transform: translate(0px) !important; color-scheme: light only !important; height: 16.8px;&quot;" script="Wrong CVV.tpr" line="9"/>
        <stack>
            <location relpath="tpr\Wrong CVV.tpr" path="C:\Users\amand\World Credits\tpr\Wrong CVV.tpr" line="9" command="Browser find tagname=iframe elaction=type eltext=4000056655665556 timeout=30s src=&quot;https://js.stripe.com/v3/elements-inner-card-2473b2ff83aeca87b52af154de1a5450.html#__shared_params__[version]=v3&amp;__shared_params__[light_experiment_assignments]=%7B%22token%22%3A%228fe6ecaa-1e14-47b2-a646-74f62c1f6d67%22%2C%22assignments%22%3A%7B%22elements_generic_skeleton_loader_v2%22%3A%22control%22%7D%7D&amp;wait=false&amp;mids[guid]=NA&amp;mids[muid]=NA&amp;mids[sid]=NA&amp;elementId=cardNumber-b2540012-7f61-4531-a69c-40f3766efbdb&amp;showIcon=false&amp;style[base][::placeholder][color]=%23C0C4CC&amp;style[base][::placeholder][fontWeight]=300&amp;style[base][::placeholder][letterSpacing]=0.05em&amp;placeholder=xxxx+xxxx+xxxx+xxxx&amp;stripeJsMountedInIframe=false&amp;rtl=false&amp;componentName=cardNumber&amp;keyMode=test&amp;apiKey=pk_test_51NDNRRDqGRfFJL9MiqW0UzYBSyhlOt4m24sPZpetMeShXToNYeicFVN9w8PPxqu3Jibkyc3XWCnWfP3LG6FK0m8C00p94mh6O3&amp;frameMessagingStrategy=postMessage&amp;referrer=https%3A%2F%2Fcurator.qa-sine.space%2Fgrid%2Fworldcredits%3Fgrid%3D1001261&amp;controllerId=__privateStripeController1831&quot; style=&quot;border: 0px !important; margin: 0px !important; padding: 0px !important; width: 1px !important; min-width: 100% !important; overflow: hidden !important; display: block !important; user-select: none !important; transform: translate(0px) !important; color-scheme: light only !important; height: 16.8px;&quot;"/>
        </stack>
    </result>
</testsuite>
