<?xml version="1.0" encoding="UTF-8"?><?xml-stylesheet type="text/xsl" href="template.xsl"?><testsuite name="file:/C:/Users/amand/World%20Credits/tpr/World%20Credits%20Limit.tpr" tests="1" time="37.541000000000004">
    <testcase index="1" number="name"/>
    <properties>
[...]
</properties>
    <result>
        <code>1</code>
        <desc>Failed to find the object using the 'search2' method.</desc>
        <script>World Credits Limit.tpr</script>
        <line>18</line>
        <failed cname="CLICK" command="Click image template=image3.png" script="World Credits Limit.tpr" line="19">
            <template link="image3.png" width="814" height="432" swidth="100" sheight="53">image3.png</template>
        </failed>
        <stack>
            <location relpath="tpr\World Credits Limit.tpr" path="C:\Users\amand\World Credits\tpr\World Credits Limit.tpr" line="19" command="Click image template=image3.png"/>
        </stack>
    </result>
</testsuite>
