<?xml version="1.0" encoding="UTF-8"?><?xml-stylesheet type="text/xsl" href="template.xsl"?><testsuite name="file:/C:/Users/amand/New%20Sanit/tpr/Script1.tpr" tests="0" time="66.176">
    <properties>
[...]
</properties>
    <result>
        <code>0</code>
        <desc>Manual stop from GUI</desc>
        <script/>
        <line/>
        <stack>
            <location relpath="tpr\Script1.tpr" path="C:\Users\amand\New Sanit\tpr\Script1.tpr" line="2" command="Exec &quot;\&quot;C:\Users\amand\Desktop\Testing\sinespace qa\Sinespace_Release_2026_1f864_Win64\Sinespace.exe\&quot;&quot;"/>
        </stack>
    </result>
</testsuite>
