<?xml version="1.0" encoding="UTF-8"?><?xml-stylesheet type="text/xsl" href="template.xsl"?><testsuite name="file:/C:/Users/amand/Dashboard/tpr/Dashboard.tpr" tests="7" time="224.102">
    <testcase index="1" name="Dashboard Analytics" number="Dashboard Analytics"/>
    <testcase index="2" name="Dashboard Your Apps" number="Dashboard Your Apps"/>
    <testcase index="3" name="World Credits and Balance" number="World Credits and Balance"/>
    <testcase index="4" name="Dashboard Billing" number="Dashboard Billing"/>
    <testcase index="5" name="Dashboard Branding" number="Dashboard Branding"/>
    <testcase index="6" name="Dashboard World Customization" number="Dashboard World Customization"/>
    <testcase index="7" name="Dashboard Manage Users" number="Dashboard Manage Users"/>
    <properties>
[...]
</properties>
    <result>
        <code>100</code>
        <desc>Invalid syntax - correct syntax is 'Compareto &lt;image&gt; &lt;params&gt;'</desc>
        <script>Dashboard.tpr</script>
        <line>8</line>
        <exitscreen link="exitState.png">exitState.png</exitscreen>
        <stack>
            <location relpath="tpr\Dashboard.tpr" path="C:\Users\amand\Dashboard\tpr\Dashboard.tpr" line="8" command="Run &quot;Manage Users.tpr&quot;"/>
        </stack>
    </result>
</testsuite>
