<?xml version="1.0" encoding="UTF-8"?><?xml-stylesheet type="text/xsl" href="template.xsl"?><testsuite name="file:/C:/Users/amand/World%20Credits/tpr/World%20Credits%20Limit.tpr" tests="1" time="6.961">
    <testcase index="1" number="name"/>
    <properties>
[...]
</properties>
    <result>
        <code>1</code>
        <desc>Action "browser type" failed with an error: org.openqa.selenium.ElementNotInteractableException: element not interactable
  (Session info: chrome=144.0.7559.97)
Build info: version: '4.15.0', revision: '1d14b5521b'
System info: os.name: 'Windows 11', os.arch: 'amd64', os.version: '10.0', java.version: '25.0.1'
Driver info: org.openqa.selenium.chrome.ChromeDriver
Command: [fd3ecee67b48c6959b7c1f50b112c31c, sendKeysToElement {id=f.6769F3297BE071B1BDCD9151429C6296.d.BA4E28C3CD6585F8EF9198584FFEE2C7.e.22, value=[Ljava.lang.CharSequence;@1629c820}]
Capabilities {acceptInsecureCerts: false, browserName: chrome, browserVersion: 144.0.7559.97, chrome: {chromedriverVersion: 143.0.7499.192 (be2c1f4fd45..., userDataDir: C:\Users\amand\AppData\Loca...}, fedcm:accounts: true, goog:chromeOptions: {debuggerAddress: localhost:56199}, goog:processID: 5464, networkConnectionEnabled: false, pageLoadStrategy: normal, platformName: windows, proxy: Proxy(), se:cdp: ws://localhost:56199/devtoo..., se:cdpVersion: 144.0.7559.97, setWindowRect: true, strictFileInteractability: false, timeouts: {implicit: 0, pageLoad: 300000, script: 30000}, unhandledPromptBehavior: dismiss and notify, webauthn:extension:credBlob: true, webauthn:extension:largeBlob: true, webauthn:extension:minPinLength: true, webauthn:extension:prf: true, webauthn:virtualAuthenticators: true}
Element: [[ChromeDriver: chrome on windows (fd3ecee67b48c6959b7c1f50b112c31c)] -&gt; xpath: //div[@id='PasswordLogin' and @class='flex items-center border-2 rounded border-white-E8 h-12 p-3']]
Session ID: fd3ecee67b48c6959b7c1f50b112c31c</desc>
        <script>World Credits Limit.tpr</script>
        <line>6</line>
        <failed cname="BROWSER" command="Browser find id=PasswordLogin class=&quot;flex items-center border-2 rounded border-white-E8 h-12 p-3&quot; tagname=div elaction=type eltext=Testing1234 timeout=30s" script="World Credits Limit.tpr" line="6"/>
        <stack>
            <location relpath="tpr\World Credits Limit.tpr" path="C:\Users\amand\World Credits\tpr\World Credits Limit.tpr" line="6" command="Browser find id=PasswordLogin class=&quot;flex items-center border-2 rounded border-white-E8 h-12 p-3&quot; tagname=div elaction=type eltext=Testing1234 timeout=30s"/>
        </stack>
    </result>
</testsuite>
