<?xml version="1.0" encoding="UTF-8"?><?xml-stylesheet type="text/xsl" href="template.xsl"?><testsuite name="file:/C:/Users/amand/World%20Credits/tpr/Script1.tpr" tests="0" time="4.614">
    <step date="Mon Feb 09 09:39:38 GMT-03:00 2026" result="pass" name="windows" type="51" index="1"/>
    <step date="Mon Feb 09 09:39:39 GMT-03:00 2026" result="pass" name="edge" type="51" index="2"/>
    <properties>
[...]
</properties>
    <result>
        <code>0</code>
        <desc/>
        <script/>
        <line/>
        <exitscreen link="exitState.png">exitState.png</exitscreen>
        <stack>
            <location relpath="tpr\Script1.tpr" path="C:\Users\amand\World Credits\tpr\Script1.tpr" line="10" command="Step edge"/>
        </stack>
    </result>
</testsuite>
