<?xml version="1.0" encoding="UTF-8"?><?xml-stylesheet type="text/xsl" href="template.xsl"?><testsuite name="file:/C:/Users/amand/World%20Credits/tpr/Wrong%20CVV.tpr" tests="1" time="183.645">
    <testcase index="1" name="Wrong CVV" number="Wrong CVV"/>
    <properties>
[...]
</properties>
    <result>
        <code>0</code>
        <desc>Manual stop from GUI</desc>
        <script/>
        <line/>
        <exitscreen link="exitState.png">exitState.png</exitscreen>
        <stack>
            <location relpath="tpr\Wrong CVV.tpr" path="C:\Users\amand\World Credits\tpr\Wrong CVV.tpr" line="14" command="Mouse drag to=x:1354,y:823 from=x:1354,y:575"/>
        </stack>
    </result>
</testsuite>
