<?xml version="1.0" encoding="UTF-8"?><?xml-stylesheet type="text/xsl" href="template.xsl"?><testsuite name="file:/C:/Users/laila/Desktop/Freela/Freela%20-%20Cspsogg/T-plan/SineSpace%20automation/SineSpace%20Automation/tpr/ServerType.tpr" tests="0" time="2.708">
    <properties>
[...]
</properties>
    <result>
        <code>100</code>
        <desc>Runtime error occurred while processing line #2 in file C:\Users\laila\Desktop\Freela\Freela - Cspsogg\T-plan\SineSpace automation\SineSpace Automation\tpr\ServerType.tpr:
  Command:  Browser open url=https://curator.qa-sine.space browser=chrome target=window args=
  Error:  Error thrown on driver class creation - org.openqa.selenium.SessionNotCreatedException: Could not start a new session. Response code 500. Message: session not created: This version of ChromeDriver only supports Chrome version 143
Current browser version is 146.0.7680.165 with binary path C:\Program Files\Google\Chrome\Application\chrome.exe 
Host info: host: 'LAILA', ip: '192.168.15.57'
Build info: version: '4.15.0', revision: '1d14b5521b'
System info: os.name: 'Windows 11', os.arch: 'amd64', os.version: '10.0', java.version: '25.0.1'
Driver info: org.openqa.selenium.chrome.ChromeDriver
Command: [null, newSession {capabilities=[Capabilities {browserName: chrome, goog:chromeOptions: {args: [], extensions: []}}]}]</desc>
        <script>ServerType.tpr</script>
        <line>2</line>
        <stack>
            <location relpath="tpr\ServerType.tpr" path="C:\Users\laila\Desktop\Freela\Freela - Cspsogg\T-plan\SineSpace automation\SineSpace Automation\tpr\ServerType.tpr" line="2" command="Browser open url=https://curator.qa-sine.space browser=chrome target=window args="/>
        </stack>
    </result>
</testsuite>
