<?xml version="1.0" encoding="UTF-8"?><?xml-stylesheet type="text/xsl" href="template.xsl"?><testsuite name="file:/C:/Users/amand/World%20Customization/tpr/World%20Access.tpr" tests="1" time="16.206">
    <testcase index="1" name="World Access" number="World Access"/>
    <properties>
[...]
</properties>
    <result>
        <code>1</code>
        <desc>Action "browser click" failed with an error: org.openqa.selenium.ElementClickInterceptedException: element click intercepted: Element &lt;span class="el-switch__core" style="width: 40px; border-color: rgb(232, 232, 232); background-color: rgb(232, 232, 232);"&gt;&lt;/span&gt; is not clickable at point (1233, 409). Other element would receive the click: &lt;div class="modal-background"&gt;&lt;/div&gt;
  (Session info: chrome=144.0.7559.97)
Build info: version: '4.27.0', revision: 'd6e718d134'
System info: os.name: 'Windows 11', os.arch: 'amd64', os.version: '10.0', java.version: '25.0.2'
Driver info: org.openqa.selenium.chrome.ChromeDriver
Command: [0a6b3759c366779d0da1cbc5b7959f7f, clickElement {id=f.BE88225BF481447F0474F3230F76752B.d.9EC1408FA8AD2CDA407CC6BC480CF1A5.e.2815}]
Capabilities {acceptInsecureCerts: false, browserName: chrome, browserVersion: 144.0.7559.97, chrome: {chromedriverVersion: 143.0.7499.192 (be2c1f4fd45..., userDataDir: C:\Users\amand\AppData\Loca...}, fedcm:accounts: true, goog:chromeOptions: {debuggerAddress: localhost:57210}, goog:processID: 7056, networkConnectionEnabled: false, pageLoadStrategy: normal, platformName: windows, proxy: Proxy(), se:cdp: ws://localhost:57210/devtoo..., se:cdpVersion: 144.0.7559.97, setWindowRect: true, strictFileInteractability: false, timeouts: {implicit: 0, pageLoad: 300000, script: 30000}, unhandledPromptBehavior: dismiss and notify, webauthn:extension:credBlob: true, webauthn:extension:largeBlob: true, webauthn:extension:minPinLength: true, webauthn:extension:prf: true, webauthn:virtualAuthenticators: true}
Element: [[ChromeDriver: chrome on windows (0a6b3759c366779d0da1cbc5b7959f7f)] -&gt; xpath: //span[@style='width: 40px; border-color: rgb(232, 232, 232); background-color: rgb(232, 232, 232);' and @class='el-switch__core']]
Session ID: 0a6b3759c366779d0da1cbc5b7959f7f</desc>
        <script>World Access.tpr</script>
        <line>13</line>
        <exitscreen link="exitState.png">exitState.png</exitscreen>
        <failed cname="BROWSER" command="Browser find class=el-switch__core tagname=span elaction=click timeout=30s style=&quot;width: 40px; border-color: rgb(232, 232, 232); background-color: rgb(232, 232, 232);&quot;" script="World Access.tpr" line="13"/>
        <stack>
            <location relpath="tpr\World Access.tpr" path="C:\Users\amand\World Customization\tpr\World Access.tpr" line="13" command="Browser find class=el-switch__core tagname=span elaction=click timeout=30s style=&quot;width: 40px; border-color: rgb(232, 232, 232); background-color: rgb(232, 232, 232);&quot;"/>
        </stack>
    </result>
</testsuite>
