<?xml version="1.0" encoding="UTF-8"?><?xml-stylesheet type="text/xsl" href="template.xsl"?><testsuite name="file:/C:/Users/amand/World%20Credits/tpr/World%20Credits%20Limit.tpr" tests="1" time="9.593">
    <testcase index="1" number="name"/>
    <properties>
[...]
</properties>
    <result>
        <code>1</code>
        <desc>Action "browser click" failed with an error: org.openqa.selenium.ElementClickInterceptedException: element click intercepted: Element &lt;input type="text" placeholder="0" class="w-full h-10 px-5 rounded-xl"&gt; is not clickable at point (731, 288). Other element would receive the click: &lt;span class="text-lg font-medium font-monts text-black absolute"&gt;...&lt;/span&gt;
  (Session info: chrome=144.0.7559.97)
Build info: version: '4.27.0', revision: 'd6e718d134'
System info: os.name: 'Windows 11', os.arch: 'amd64', os.version: '10.0', java.version: '25.0.2'
Driver info: org.openqa.selenium.chrome.ChromeDriver
Command: [4c4c4dd71a300ef8e33f8d3663cd36fb, clickElement {id=f.5A6D11BCCDC0898A1E0B6357F45E54E7.d.B6372DFCF20B626D907A94D897687843.e.2464}]
Capabilities {acceptInsecureCerts: false, browserName: chrome, browserVersion: 144.0.7559.97, chrome: {chromedriverVersion: 143.0.7499.192 (be2c1f4fd45..., userDataDir: C:\Users\amand\AppData\Loca...}, fedcm:accounts: true, goog:chromeOptions: {debuggerAddress: localhost:54498}, goog:processID: 6884, networkConnectionEnabled: false, pageLoadStrategy: normal, platformName: windows, proxy: Proxy(), se:cdp: ws://localhost:54498/devtoo..., se:cdpVersion: 144.0.7559.97, setWindowRect: true, strictFileInteractability: false, timeouts: {implicit: 0, pageLoad: 300000, script: 30000}, unhandledPromptBehavior: dismiss and notify, webauthn:extension:credBlob: true, webauthn:extension:largeBlob: true, webauthn:extension:minPinLength: true, webauthn:extension:prf: true, webauthn:virtualAuthenticators: true}
Element: [[ChromeDriver: chrome on windows (4c4c4dd71a300ef8e33f8d3663cd36fb)] -&gt; xpath: //input[@placeholder='0' and @type='text']]
Session ID: 4c4c4dd71a300ef8e33f8d3663cd36fb</desc>
        <script>World Credits Limit.tpr</script>
        <line>12</line>
        <exitscreen link="exitState.png">exitState.png</exitscreen>
        <failed cname="BROWSER" command="Browser find tagname=input elaction=click timeout=30s type=text placeholder=0" script="World Credits Limit.tpr" line="12"/>
        <stack>
            <location relpath="tpr\World Credits Limit.tpr" path="C:\Users\amand\World Credits\tpr\World Credits Limit.tpr" line="12" command="Browser find tagname=input elaction=click timeout=30s type=text placeholder=0"/>
        </stack>
    </result>
</testsuite>
