<?xml version="1.0" encoding="UTF-8"?><?xml-stylesheet type="text/xsl" href="template.xsl"?><testsuite name="file:/C:/Users/amand/New%20Sanit/tpr/Sanity%20V5.tpr" tests="4" time="167.695">
    <testcase index="1" name="avatar change" number="Avatar change"/>
    <testcase index="2" name="Chat" number="Chat"/>
    <testcase index="3" name="Mic and Cam" number="Mic and Cam"/>
    <testcase index="4" name="Change Region" number="Change Region"/>
    <properties>
[...]
</properties>
    <result>
        <code>1</code>
        <desc>Failed to find the object using the 'search2' method.</desc>
        <script>Change Region.tpr</script>
        <line>11</line>
        <exitscreen link="exitState.png">exitState.png</exitscreen>
        <failed cname="CLICK" command="Click image template=comp0313-24" script="Change Region.tpr" line="11">
            <template link="comp0313-24/image2.png" width="407" height="211" swidth="100" sheight="51">comp0313-24\image2.png</template>
        </failed>
        <stack>
            <location relpath="tpr\Sanity V5.tpr" path="C:\Users\amand\New Sanit\tpr\Sanity V5.tpr" line="5" command="Run &quot;Change Region.tpr&quot;"/>
        </stack>
    </result>
</testsuite>
