<?xml version="1.0" encoding="UTF-8"?><?xml-stylesheet type="text/xsl" href="template.xsl"?><testsuite name="file:/C:/Users/amand/World%20Credits/tpr/World%20Credits%20Limit.tpr" tests="1" time="27.256">
    <testcase index="1" number="name"/>
    <properties>
[...]
</properties>
    <result>
        <code>1</code>
        <desc>Manual stop from GUI</desc>
        <script/>
        <line/>
        <failed cname="WAITFOR" command="Browser find text=1500 timeout=30s" script="World Credits Limit.tpr" line="13"/>
        <stack>
            <location relpath="tpr\World Credits Limit.tpr" path="C:\Users\amand\World Credits\tpr\World Credits Limit.tpr" line="13" command="Browser find text=1500 timeout=30s"/>
        </stack>
    </result>
</testsuite>
