<?xml version="1.0" encoding="UTF-8"?><?xml-stylesheet type="text/xsl" href="template.xsl"?><testsuite name="file:/C:/Users/amand/World%20Credits/tpr/Wrong%20CVV.tpr" tests="1" time="85.479">
    <testcase index="1" name="Wrong CVV" number="4"/>
    <properties>
[...]
</properties>
    <result>
        <code>1</code>
        <desc>Manual stop from GUI</desc>
        <script/>
        <line/>
        <failed cname="WAITFOR" command="Browser find tagname=iframe elaction=type eltext=4000056655665556 timeout=30s role=presentation scrolling=no name=__privateStripeFrame183145" script="Wrong CVV.tpr" line="9"/>
        <stack>
            <location relpath="tpr\Wrong CVV.tpr" path="C:\Users\amand\World Credits\tpr\Wrong CVV.tpr" line="9" command="Browser find tagname=iframe elaction=type eltext=4000056655665556 timeout=30s role=presentation scrolling=no name=__privateStripeFrame183145"/>
        </stack>
    </result>
</testsuite>
