<?xml version="1.0" encoding="UTF-8"?><?xml-stylesheet type="text/xsl" href="template.xsl"?><testsuite name="file:/C:/Users/amand/World%20Customization/tpr/Avatar.tpr" tests="1" time="15.359">
    <testcase index="1" name="Dashboard Avatar" number="Dashboard Avatar"/>
    <properties>
[...]
</properties>
    <result>
        <code>1</code>
        <desc>Action "browser click" failed with an error: org.openqa.selenium.ElementClickInterceptedException: element click intercepted: Element &lt;img src="https://s3.us-east-2.wasabisys.com/sinespace/avatar/3658311.png" class="mx-auto h-50 object-cover"&gt; is not clickable at point (1120, 599). Other element would receive the click: &lt;div class="absolute w-26 h-50 rounded-2-5 border border-white-E8"&gt;&lt;/div&gt;
  (Session info: chrome=144.0.7559.97)
Build info: version: '4.27.0', revision: 'd6e718d134'
System info: os.name: 'Windows 11', os.arch: 'amd64', os.version: '10.0', java.version: '25.0.2'
Driver info: org.openqa.selenium.chrome.ChromeDriver
Command: [5b85c500ceaca9497b0824607e8d15da, clickElement {id=f.669AB295CFCF596FE256CAFC6688CD19.d.897CF7E5FE1CB796A57DC1F8EB9FFEE3.e.1162}]
Capabilities {acceptInsecureCerts: false, browserName: chrome, browserVersion: 144.0.7559.97, chrome: {chromedriverVersion: 143.0.7499.192 (be2c1f4fd45..., userDataDir: C:\Users\amand\AppData\Loca...}, fedcm:accounts: true, goog:chromeOptions: {debuggerAddress: localhost:59943}, goog:processID: 8084, networkConnectionEnabled: false, pageLoadStrategy: normal, platformName: windows, proxy: Proxy(), se:cdp: ws://localhost:59943/devtoo..., se:cdpVersion: 144.0.7559.97, setWindowRect: true, strictFileInteractability: false, timeouts: {implicit: 0, pageLoad: 300000, script: 30000}, unhandledPromptBehavior: dismiss and notify, webauthn:extension:credBlob: true, webauthn:extension:largeBlob: true, webauthn:extension:minPinLength: true, webauthn:extension:prf: true, webauthn:virtualAuthenticators: true}
Element: [[ChromeDriver: chrome on windows (5b85c500ceaca9497b0824607e8d15da)] -&gt; xpath: //img[@src='https://s3.us-east-2.wasabisys.com/sinespace/avatar/3658311.png' and @class='mx-auto h-50 object-cover']]
Session ID: 5b85c500ceaca9497b0824607e8d15da</desc>
        <script>Avatar.tpr</script>
        <line>9</line>
        <exitscreen link="exitState.png">exitState.png</exitscreen>
        <failed cname="BROWSER" command="Browser find class=&quot;mx-auto h-50 object-cover&quot; tagname=img elaction=click timeout=30s src=https://s3.us-east-2.wasabisys.com/sinespace/avatar/3658311.png" script="Avatar.tpr" line="9"/>
        <stack>
            <location relpath="tpr\Avatar.tpr" path="C:\Users\amand\World Customization\tpr\Avatar.tpr" line="9" command="Browser find class=&quot;mx-auto h-50 object-cover&quot; tagname=img elaction=click timeout=30s src=https://s3.us-east-2.wasabisys.com/sinespace/avatar/3658311.png"/>
        </stack>
    </result>
</testsuite>
